proguard-project.txt
-optimizationpasses 5
-dontusemixedcaseclassnames
-dontskipnonpubliclibraryclasses
-dontpreverify
-verbose
-optimizations !code/simplification/arithmetic,!field/*,!class/merging/*
-optimizations !code/simplification/arithmetic

-keep class com.iflytek.**{*;}
-keep class com.baidu.**{*;}
-keep public class vi.com.gdi.bgl.**{*;}

-dontwarn android.support.v4.**

-keep public class android.annotation.** {*;}
 
  
-keep public class * extends android.app.Fragment
-keep public class * extends android.app.Activity
-keep public class * extends android.app.Application
-keep public class * extends android.app.Service
-keep public class * extends android.content.BroadcastReceiver
-keep public class * extends android.content.ContentProvider
-keep public class * extends android.app.backup.BackupAgentHelper
-keep public class * extends android.preference.Preference
-keep public class com.android.vending.licensing.ILicensingService
-keep public class com.hundsun.mobile.dom.script.ScriptExecutor
-keep public class com.hundsun.mobile.services.TimerService
-keep public class com.android.vending.licensing.ILicensingService


-keepclasseswithmembernames class * {
    native <methods>;
}

-keepclasseswithmembernames class * {
    public <init>(android.content.Context, android.util.AttributeSet);
}

-keepclasseswithmembers class com.hundsun.mobile.dom.script.ScriptExecutor {
	    public protected private <fields>;
        public protected private <methods>;
}

-keepclasseswithmembers class com.hundsun.mobile.services.TimerService{
	    public protected private <fields>;
        public protected private <methods>;
}

 

-keepclasseswithmembers class * implements com.hundsun.mobile.rsautil.RSAInterface{
	    public protected private <fields>;
        public protected private <methods>;
}

-keepclassmembers enum * {
    public static **[] values();
    public static ** valueOf(java.lang.String);
}

-keep class * implements android.os.Parcelable {
  public static final android.os.Parcelable$Creator *;
}

 	


-dontwarn org.mozilla.javascript.**
-dontwarn org.mozilla.classfile.**
-keep class org.mozilla.classfile.** { *; }
-keep class org.mozilla.javascript.** { *; }

-dontwarn com.gieseckedevrient.android.**
-keep class com.gieseckedevrient.android.** { *; }
 