bin/proguard/usage.txt
android.support.annotation.RequiresPermission
android.support.annotation.RequiresPermission$Read
android.support.annotation.RequiresPermission$Write
android.support.annotation.Size
android.support.annotation.StringDef
android.support.annotation.StringRes
android.support.annotation.StyleRes
android.support.annotation.StyleableRes
android.support.annotation.TransitionRes
android.support.annotation.UiThread
android.support.annotation.VisibleForTesting
android.support.annotation.WorkerThread
android.support.annotation.XmlRes
android.support.v4.accessibilityservice.AccessibilityServiceInfoCompat
android.support.v4.accessibilityservice.AccessibilityServiceInfoCompat$AccessibilityServiceInfoIcsImpl
android.support.v4.accessibilityservice.AccessibilityServiceInfoCompat$AccessibilityServiceInfoJellyBeanMr2
android.support.v4.accessibilityservice.AccessibilityServiceInfoCompat$AccessibilityServiceInfoStubImpl
android.support.v4.accessibilityservice.AccessibilityServiceInfoCompat$AccessibilityServiceInfoVersionImpl
android.support.v4.accessibilityservice.AccessibilityServiceInfoCompatIcs
android.support.v4.accessibilityservice.AccessibilityServiceInfoCompatJellyBeanMr2
android.support.v4.animation.AnimatorCompatHelper
android.support.v4.animation.AnimatorListenerCompat
android.support.v4.animation.AnimatorProvider
android.support.v4.animation.AnimatorUpdateListenerCompat
android.support.v4.animation.DonutAnimatorCompatProvider
android.support.v4.animation.DonutAnimatorCompatProvider$DonutFloatValueAnimator
android.support.v4.animation.DonutAnimatorCompatProvider$DonutFloatValueAnimator$1
android.support.v4.animation.HoneycombMr1AnimatorCompatProvider
android.support.v4.animation.HoneycombMr1AnimatorCompatProvider$AnimatorListenerCompatWrapper
android.support.v4.animation.HoneycombMr1AnimatorCompatProvider$HoneycombValueAnimatorCompat
android.support.v4.animation.HoneycombMr1AnimatorCompatProvider$HoneycombValueAnimatorCompat$1
android.support.v4.animation.ValueAnimatorCompat
android.support.v4.app.ActionBarDrawerToggle
android.support.v4.app.ActionBarDrawerToggle$1
android.support.v4.app.ActionBarDrawerToggle$ActionBarDrawerToggleImpl
android.support.v4.app.ActionBarDrawerToggle$ActionBarDrawerToggleImplBase
android.support.v4.app.ActionBarDrawerToggle$ActionBarDrawerToggleImplHC
android.support.v4.app.ActionBarDrawerToggle$ActionBarDrawerToggleImplJellybeanMR2
android.support.v4.app.ActionBarDrawerToggle$Delegate
android.support.v4.app.ActionBarDrawerToggle$DelegateProvider
android.support.v4.app.ActionBarDrawerToggle$SlideDrawable
android.support.v4.app.ActionBarDrawerToggleHoneycomb
android.support.v4.app.ActionBarDrawerToggleHoneycomb$SetIndicatorInfo
android.support.v4.app.ActionBarDrawerToggleJellybeanMR2
android.support.v4.app.ActivityCompat
android.support.v4.app.ActivityCompat$1
android.support.v4.app.ActivityCompat$OnRequestPermissionsResultCallback
android.support.v4.app.ActivityCompat$SharedElementCallback21Impl
android.support.v4.app.ActivityCompat21
android.support.v4.app.ActivityCompat21$SharedElementCallback21
android.support.v4.app.ActivityCompat21$SharedElementCallbackImpl
android.support.v4.app.ActivityCompat22
android.support.v4.app.ActivityCompatApi23
android.support.v4.app.ActivityCompatApi23$RequestPermissionsRequestCodeValidator
android.support.v4.app.ActivityCompatHoneycomb
android.support.v4.app.ActivityCompatJB
android.support.v4.app.ActivityManagerCompat
android.support.v4.app.ActivityManagerCompatKitKat
android.support.v4.app.ActivityOptionsCompat
android.support.v4.app.ActivityOptionsCompat$ActivityOptionsImpl21
android.support.v4.app.ActivityOptionsCompat$ActivityOptionsImplJB
android.support.v4.app.ActivityOptionsCompat21
android.support.v4.app.ActivityOptionsCompatJB
android.support.v4.app.AppOpsManagerCompat
android.support.v4.app.AppOpsManagerCompat$1
android.support.v4.app.AppOpsManagerCompat$AppOpsManager23
android.support.v4.app.AppOpsManagerCompat$AppOpsManagerImpl